<?xml version="1.0" encoding="UTF-8"?>
<testsuites name="jest tests" tests="9" failures="0" errors="0" time="2.852">
  <testsuite name="TestesController (e2e)" errors="0" failures="0" skipped="0" timestamp="2024-08-15T17:33:04" time="2.815" tests="9">
    <testcase classname="TestesController (e2e) /GET testes" name="TestesController (e2e) /GET testes" time="0.019">
    </testcase>
    <testcase classname="TestesController (e2e) /POST testes" name="TestesController (e2e) /POST testes" time="0.014">
    </testcase>
    <testcase classname="TestesController (e2e) /GET testes/:id" name="TestesController (e2e) /GET testes/:id" time="0.003">
    </testcase>
    <testcase classname="TestesController (e2e) /PATCH testes/:id" name="TestesController (e2e) /PATCH testes/:id" time="0.003">
    </testcase>
    <testcase classname="TestesController (e2e) /DELETE testes/:value" name="TestesController (e2e) /DELETE testes/:value" time="0.003">
    </testcase>
    <testcase classname="TestesController (e2e) should return 400 if creating a test object with invalid data" name="TestesController (e2e) should return 400 if creating a test object with invalid data" time="0.007">
    </testcase>
    <testcase classname="TestesController (e2e) should return 404 if test object is not found" name="TestesController (e2e) should return 404 if test object is not found" time="0.003">
    </testcase>
    <testcase classname="TestesController (e2e) should return 400 if updating a test object with invalid data" name="TestesController (e2e) should return 400 if updating a test object with invalid data" time="0.005">
    </testcase>
    <testcase classname="TestesController (e2e) should return 404 if deleting a test object that does not exist" name="TestesController (e2e) should return 404 if deleting a test object that does not exist" time="0.002">
    </testcase>
  </testsuite>
</testsuites>