<?xml version="1.0" encoding="UTF-8"?>
<testsuites name="jest tests" tests="18" failures="0" errors="0" time="2.903">
  <testsuite name="TestesService" errors="0" failures="0" skipped="0" timestamp="2024-08-15T15:10:10" time="2.541" tests="11">
    <testcase classname="TestesService should be defined" name="TestesService should be defined" time="0.01">
    </testcase>
    <testcase classname="TestesService should create a new test object" name="TestesService should create a new test object" time="0.003">
    </testcase>
    <testcase classname="TestesService should return all tests objects" name="TestesService should return all tests objects" time="0.001">
    </testcase>
    <testcase classname="TestesService should return one test object by uniqueValue" name="TestesService should return one test object by uniqueValue" time="0.001">
    </testcase>
    <testcase classname="TestesService should throw an error when a test object is not found" name="TestesService should throw an error when a test object is not found" time="0.007">
    </testcase>
    <testcase classname="TestesService should update an existing test object" name="TestesService should update an existing test object" time="0.002">
    </testcase>
    <testcase classname="TestesService should delete a test object by ID" name="TestesService should delete a test object by ID" time="0.001">
    </testcase>
    <testcase classname="TestesService should throw an error if creation fails" name="TestesService should throw an error if creation fails" time="0.002">
    </testcase>
    <testcase classname="TestesService should throw an error if findOne fails" name="TestesService should throw an error if findOne fails" time="0.002">
    </testcase>
    <testcase classname="TestesService should throw an error if update fails" name="TestesService should throw an error if update fails" time="0.001">
    </testcase>
    <testcase classname="TestesService should throw an error if delete fails" name="TestesService should throw an error if delete fails" time="0.001">
    </testcase>
  </testsuite>
  <testsuite name="TestesController" errors="0" failures="0" skipped="0" timestamp="2024-08-15T15:10:10" time="2.697" tests="7">
    <testcase classname="TestesController findAll should return all testes" name="TestesController findAll should return all testes" time="0.01">
    </testcase>
    <testcase classname="TestesController findOne should return a teste by ID" name="TestesController findOne should return a teste by ID" time="0.002">
    </testcase>
    <testcase classname="TestesController create should create a new teste" name="TestesController create should create a new teste" time="0.001">
    </testcase>
    <testcase classname="TestesController findOneAndDelete should delete a teste by ID" name="TestesController findOneAndDelete should delete a teste by ID" time="0.002">
    </testcase>
    <testcase classname="TestesController should throw an error if creation fails" name="TestesController should throw an error if creation fails" time="0.006">
    </testcase>
    <testcase classname="TestesController should throw an error if findOne fails" name="TestesController should throw an error if findOne fails" time="0.001">
    </testcase>
    <testcase classname="TestesController should throw an error if delete fails" name="TestesController should throw an error if delete fails" time="0.002">
    </testcase>
  </testsuite>
</testsuites>